<?xml version="1.0" encoding="UTF-8"?>
<!-- Generated by org.testng.reporters.JUnitReportReporter -->
<testsuite skipped="0" hostname="DESKTOP-GK9O1GL" name="JqeuryWeb.tests.Jquery_Select_SeleniumTC" tests="1" failures="0" timestamp="2022-06-14T01:13:12 IST" time="8.314" errors="0">
  <testcase name="SelectTC_001" time="8.314" classname="JqeuryWeb.tests.Jquery_Select_SeleniumTC"/>
  <system-out/>
</testsuite> <!-- JqeuryWeb.tests.Jquery_Select_SeleniumTC -->
