<?xml version="1.0" encoding="UTF-8"?>
<!-- Generated by org.testng.reporters.JUnitReportReporter -->
<testsuite skipped="0" hostname="DESKTOP-GK9O1GL" name="RestAPI.Test01_GET" tests="2" failures="0" timestamp="2022-06-14T11:57:40 IST" time="12.916" errors="0">
  <testcase name="test01" time="11.472" classname="RestAPI.Test01_GET"/>
  <system-out/>
  <testcase name="test02" time="1.444" classname="RestAPI.Test01_GET"/>
  <system-out/>
</testsuite> <!-- RestAPI.Test01_GET -->
