<?xml version="1.0" encoding="UTF-8"?>
<!-- Generated by org.testng.reporters.JUnitReportReporter -->
<testsuite skipped="0" hostname="DESKTOP-GK9O1GL" name="RestAPI.Test02_POST" tests="1" failures="0" timestamp="2022-06-14T12:47:03 IST" time="4.006" errors="0">
  <testcase name="test1_post" time="4.006" classname="RestAPI.Test02_POST"/>
  <system-out/>
</testsuite> <!-- RestAPI.Test02_POST -->
