<?xml version="1.0" encoding="UTF-8"?>
<!-- Generated by org.testng.reporters.JUnitReportReporter -->
<testsuite skipped="0" hostname="DESKTOP-GK9O1GL" name="JqeuryWeb.tests.Jquery_SeleniumTestCases" tests="1" failures="0" timestamp="2022-06-14T01:13:12 IST" time="10.230" errors="0">
  <testcase name="openJquery" time="10.230" classname="JqeuryWeb.tests.Jquery_SeleniumTestCases"/>
  <system-out/>
</testsuite> <!-- JqeuryWeb.tests.Jquery_SeleniumTestCases -->
