<?xml version="1.0" encoding="UTF-8"?>
<!-- Generated by org.testng.reporters.JUnitReportReporter -->
<testsuite skipped="0" hostname="DESKTOP-GK9O1GL" name="SelendroidApp.testRunner.Test_ENButton" tests="1" failures="0" timestamp="2022-06-14T00:31:26 IST" time="130.167" errors="0">
  <testcase name="runScenario" time="130.167" classname="SelendroidApp.testRunner.Test_ENButton"/>
  <system-out/>
</testsuite> <!-- SelendroidApp.testRunner.Test_ENButton -->
